<?xml version="1.0" encoding="UTF-8"?>
<coverage generated="1766277989200" clover="3.2.0">
  <project timestamp="1766277989200" name="All files">
    <metrics statements="52" coveredstatements="48" conditionals="8" coveredconditionals="5" methods="9" coveredmethods="6" elements="69" coveredelements="59" complexity="0" loc="52" ncloc="52" packages="1" files="1" classes="1"/>
    <file name="auth.ts" path="/home/sms/code/frontend-recibos/src/stores/auth.ts">
      <metrics statements="52" coveredstatements="48" conditionals="8" coveredconditionals="5" methods="9" coveredmethods="6"/>
      <line num="6" count="1" type="stmt"/>
      <line num="7" count="16" type="stmt"/>
      <line num="8" count="16" type="stmt"/>
      <line num="9" count="16" type="stmt"/>
      <line num="10" count="16" type="stmt"/>
      <line num="12" count="16" type="stmt"/>
      <line num="13" count="16" type="cond" truecount="0" falsecount="2"/>
      <line num="16" count="12" type="cond" truecount="2" falsecount="0"/>
      <line num="17" count="11" type="stmt"/>
      <line num="20" count="16" type="stmt"/>
      <line num="21" count="16" type="stmt"/>
      <line num="22" count="16" type="stmt"/>
      <line num="23" count="1" type="stmt"/>
      <line num="25" count="16" type="stmt"/>
      <line num="26" count="4" type="stmt"/>
      <line num="28" count="16" type="stmt"/>
      <line num="29" count="0" type="stmt"/>
      <line num="31" count="16" type="stmt"/>
      <line num="32" count="0" type="stmt"/>
      <line num="36" count="3" type="stmt"/>
      <line num="37" count="3" type="stmt"/>
      <line num="39" count="3" type="stmt"/>
      <line num="40" count="1" type="stmt"/>
      <line num="41" count="1" type="stmt"/>
      <line num="42" count="1" type="stmt"/>
      <line num="43" count="1" type="stmt"/>
      <line num="45" count="1" type="stmt"/>
      <line num="47" count="1" type="stmt"/>
      <line num="49" count="2" type="stmt"/>
      <line num="56" count="1" type="cond" truecount="1" falsecount="1"/>
      <line num="58" count="1" type="stmt"/>
      <line num="60" count="0" type="stmt"/>
      <line num="62" count="2" type="stmt"/>
      <line num="64" count="3" type="stmt"/>
      <line num="70" count="2" type="stmt"/>
      <line num="74" count="2" type="stmt"/>
      <line num="75" count="2" type="stmt"/>
      <line num="76" count="2" type="stmt"/>
      <line num="77" count="2" type="stmt"/>
      <line num="82" count="3" type="cond" truecount="2" falsecount="0"/>
      <line num="83" count="2" type="stmt"/>
      <line num="85" count="2" type="stmt"/>
      <line num="86" count="1" type="stmt"/>
      <line num="87" count="1" type="stmt"/>
      <line num="89" count="1" type="stmt"/>
      <line num="90" count="1" type="stmt"/>
      <line num="91" count="1" type="stmt"/>
      <line num="92" count="1" type="stmt"/>
      <line num="93" count="1" type="stmt"/>
      <line num="95" count="2" type="stmt"/>
      <line num="101" count="0" type="stmt"/>
      <line num="105" count="16" type="stmt"/>
    </file>
  </project>
</coverage>
