{"/home/sms/code/frontend-recibos/src/stores/auth.ts": {"path":"/home/sms/code/frontend-recibos/src/stores/auth.ts","statementMap":{"0":{"start":{"line":6,"column":13},"end":{"line":124,"column":null}},"1":{"start":{"line":7,"column":8},"end":{"line":7,"column":37}},"2":{"start":{"line":8,"column":8},"end":{"line":8,"column":72}},"3":{"start":{"line":9,"column":8},"end":{"line":9,"column":28}},"4":{"start":{"line":10,"column":8},"end":{"line":10,"column":40}},"5":{"start":{"line":12,"column":8},"end":{"line":12,"column":55}},"6":{"start":{"line":12,"column":41},"end":{"line":12,"column":55}},"7":{"start":{"line":13,"column":8},"end":{"line":13,"column":59}},"8":{"start":{"line":13,"column":34},"end":{"line":13,"column":59}},"9":{"start":{"line":16,"column":4},"end":{"line":16,"column":null}},"10":{"start":{"line":16,"column":27},"end":{"line":16,"column":null}},"11":{"start":{"line":17,"column":4},"end":{"line":17,"column":null}},"12":{"start":{"line":20,"column":8},"end":{"line":20,"column":60}},"13":{"start":{"line":20,"column":33},"end":{"line":20,"column":59}},"14":{"start":{"line":21,"column":8},"end":{"line":21,"column":77}},"15":{"start":{"line":21,"column":37},"end":{"line":21,"column":76}},"16":{"start":{"line":22,"column":8},"end":{"line":23,"column":null}},"17":{"start":{"line":23,"column":4},"end":{"line":23,"column":47}},"18":{"start":{"line":25,"column":8},"end":{"line":26,"column":null}},"19":{"start":{"line":26,"column":4},"end":{"line":26,"column":73}},"20":{"start":{"line":28,"column":8},"end":{"line":29,"column":null}},"21":{"start":{"line":29,"column":4},"end":{"line":29,"column":73}},"22":{"start":{"line":31,"column":8},"end":{"line":32,"column":null}},"23":{"start":{"line":32,"column":4},"end":{"line":32,"column":56}},"24":{"start":{"line":36,"column":4},"end":{"line":36,"column":null}},"25":{"start":{"line":37,"column":4},"end":{"line":37,"column":null}},"26":{"start":{"line":39,"column":23},"end":{"line":39,"column":62}},"27":{"start":{"line":40,"column":19},"end":{"line":40,"column":null}},"28":{"start":{"line":41,"column":6},"end":{"line":41,"column":null}},"29":{"start":{"line":42,"column":6},"end":{"line":42,"column":null}},"30":{"start":{"line":43,"column":6},"end":{"line":43,"column":null}},"31":{"start":{"line":45,"column":8},"end":{"line":45,"column":null}},"32":{"start":{"line":47,"column":6},"end":{"line":47,"column":null}},"33":{"start":{"line":49,"column":25},"end":{"line":49,"column":null}},"34":{"start":{"line":56,"column":8},"end":{"line":56,"column":null}},"35":{"start":{"line":58,"column":8},"end":{"line":58,"column":null}},"36":{"start":{"line":60,"column":8},"end":{"line":60,"column":null}},"37":{"start":{"line":62,"column":6},"end":{"line":62,"column":null}},"38":{"start":{"line":64,"column":6},"end":{"line":64,"column":null}},"39":{"start":{"line":70,"column":6},"end":{"line":70,"column":null}},"40":{"start":{"line":74,"column":6},"end":{"line":74,"column":null}},"41":{"start":{"line":75,"column":6},"end":{"line":75,"column":null}},"42":{"start":{"line":76,"column":6},"end":{"line":76,"column":null}},"43":{"start":{"line":77,"column":6},"end":{"line":77,"column":null}},"44":{"start":{"line":82,"column":4},"end":{"line":82,"column":null}},"45":{"start":{"line":82,"column":22},"end":{"line":82,"column":null}},"46":{"start":{"line":83,"column":4},"end":{"line":83,"column":null}},"47":{"start":{"line":85,"column":23},"end":{"line":85,"column":41}},"48":{"start":{"line":86,"column":6},"end":{"line":86,"column":null}},"49":{"start":{"line":87,"column":6},"end":{"line":87,"column":null}},"50":{"start":{"line":89,"column":6},"end":{"line":89,"column":null}},"51":{"start":{"line":90,"column":6},"end":{"line":90,"column":null}},"52":{"start":{"line":91,"column":6},"end":{"line":91,"column":null}},"53":{"start":{"line":92,"column":6},"end":{"line":92,"column":null}},"54":{"start":{"line":93,"column":6},"end":{"line":93,"column":null}},"55":{"start":{"line":95,"column":6},"end":{"line":95,"column":null}},"56":{"start":{"line":101,"column":6},"end":{"line":101,"column":null}},"57":{"start":{"line":105,"column":2},"end":{"line":123,"column":null}}},"fnMap":{"0":{"name":"(anonymous_0)","decl":{"start":{"line":6,"column":40},"end":{"line":6,"column":54}},"loc":{"start":{"line":6,"column":54},"end":{"line":124,"column":null}},"line":6},"1":{"name":"(anonymous_1)","decl":{"start":{"line":12,"column":26},"end":{"line":12,"column":41}},"loc":{"start":{"line":12,"column":41},"end":{"line":12,"column":55}},"line":12},"2":{"name":"(anonymous_2)","decl":{"start":{"line":13,"column":19},"end":{"line":13,"column":34}},"loc":{"start":{"line":13,"column":34},"end":{"line":13,"column":59}},"line":13},"3":{"name":"(anonymous_3)","decl":{"start":{"line":20,"column":18},"end":{"line":20,"column":33}},"loc":{"start":{"line":20,"column":33},"end":{"line":20,"column":59}},"line":20},"4":{"name":"(anonymous_4)","decl":{"start":{"line":21,"column":22},"end":{"line":21,"column":37}},"loc":{"start":{"line":21,"column":37},"end":{"line":21,"column":76}},"line":21},"5":{"name":"(anonymous_5)","decl":{"start":{"line":22,"column":33},"end":{"line":22,"column":null}},"loc":{"start":{"line":23,"column":4},"end":{"line":23,"column":47}},"line":23},"6":{"name":"(anonymous_6)","decl":{"start":{"line":25,"column":31},"end":{"line":25,"column":null}},"loc":{"start":{"line":26,"column":4},"end":{"line":26,"column":73}},"line":26},"7":{"name":"(anonymous_7)","decl":{"start":{"line":28,"column":26},"end":{"line":28,"column":null}},"loc":{"start":{"line":29,"column":4},"end":{"line":29,"column":73}},"line":29},"8":{"name":"(anonymous_8)","decl":{"start":{"line":31,"column":27},"end":{"line":31,"column":null}},"loc":{"start":{"line":32,"column":4},"end":{"line":32,"column":56}},"line":32}},"branchMap":{"0":{"loc":{"start":{"line":13,"column":34},"end":{"line":13,"column":59}},"type":"binary-expr","locations":[{"start":{"line":13,"column":34},"end":{"line":13,"column":54}},{"start":{"line":13,"column":54},"end":{"line":13,"column":59}}],"line":13},"1":{"loc":{"start":{"line":16,"column":4},"end":{"line":16,"column":null}},"type":"if","locations":[{"start":{"line":16,"column":4},"end":{"line":16,"column":null}},{"start":{},"end":{}}],"line":16},"2":{"loc":{"start":{"line":56,"column":22},"end":{"line":56,"column":null}},"type":"binary-expr","locations":[{"start":{"line":56,"column":22},"end":{"line":56,"column":58}},{"start":{"line":56,"column":58},"end":{"line":56,"column":null}}],"line":56},"3":{"loc":{"start":{"line":82,"column":4},"end":{"line":82,"column":null}},"type":"if","locations":[{"start":{"line":82,"column":4},"end":{"line":82,"column":null}},{"start":{},"end":{}}],"line":82}},"s":{"0":1,"1":16,"2":16,"3":16,"4":16,"5":16,"6":2,"7":16,"8":0,"9":12,"10":1,"11":11,"12":16,"13":2,"14":16,"15":2,"16":16,"17":1,"18":16,"19":4,"20":16,"21":0,"22":16,"23":0,"24":3,"25":3,"26":3,"27":1,"28":1,"29":1,"30":1,"31":1,"32":1,"33":2,"34":1,"35":1,"36":0,"37":2,"38":3,"39":2,"40":2,"41":2,"42":2,"43":2,"44":3,"45":1,"46":2,"47":2,"48":1,"49":1,"50":1,"51":1,"52":1,"53":1,"54":1,"55":2,"56":0,"57":16},"f":{"0":16,"1":2,"2":0,"3":2,"4":2,"5":1,"6":4,"7":0,"8":0},"b":{"0":[0,0],"1":[1,11],"2":[1,0],"3":[1,2]},"meta":{"lastBranch":4,"lastFunction":9,"lastStatement":58,"seen":{"s:6:13:124:Infinity":0,"f:6:40:6:54":0,"s:7:8:7:37":1,"s:8:8:8:72":2,"s:9:8:9:28":3,"s:10:8:10:40":4,"s:12:8:12:55":5,"f:12:26:12:41":1,"s:12:41:12:55":6,"s:13:8:13:59":7,"f:13:19:13:34":2,"s:13:34:13:59":8,"b:13:34:13:54:13:54:13:59":0,"b:16:4:16:Infinity:undefined:undefined:undefined:undefined":1,"s:16:4:16:Infinity":9,"s:16:27:16:Infinity":10,"s:17:4:17:Infinity":11,"s:20:8:20:60":12,"f:20:18:20:33":3,"s:20:33:20:59":13,"s:21:8:21:77":14,"f:21:22:21:37":4,"s:21:37:21:76":15,"s:22:8:23:Infinity":16,"f:22:33:22:Infinity":5,"s:23:4:23:47":17,"s:25:8:26:Infinity":18,"f:25:31:25:Infinity":6,"s:26:4:26:73":19,"s:28:8:29:Infinity":20,"f:28:26:28:Infinity":7,"s:29:4:29:73":21,"s:31:8:32:Infinity":22,"f:31:27:31:Infinity":8,"s:32:4:32:56":23,"s:36:4:36:Infinity":24,"s:37:4:37:Infinity":25,"s:39:23:39:62":26,"s:40:19:40:Infinity":27,"s:41:6:41:Infinity":28,"s:42:6:42:Infinity":29,"s:43:6:43:Infinity":30,"s:45:8:45:Infinity":31,"s:47:6:47:Infinity":32,"s:49:25:49:Infinity":33,"s:56:8:56:Infinity":34,"b:56:22:56:58:56:58:56:Infinity":2,"s:58:8:58:Infinity":35,"s:60:8:60:Infinity":36,"s:62:6:62:Infinity":37,"s:64:6:64:Infinity":38,"s:70:6:70:Infinity":39,"s:74:6:74:Infinity":40,"s:75:6:75:Infinity":41,"s:76:6:76:Infinity":42,"s:77:6:77:Infinity":43,"b:82:4:82:Infinity:undefined:undefined:undefined:undefined":3,"s:82:4:82:Infinity":44,"s:82:22:82:Infinity":45,"s:83:4:83:Infinity":46,"s:85:23:85:41":47,"s:86:6:86:Infinity":48,"s:87:6:87:Infinity":49,"s:89:6:89:Infinity":50,"s:90:6:90:Infinity":51,"s:91:6:91:Infinity":52,"s:92:6:92:Infinity":53,"s:93:6:93:Infinity":54,"s:95:6:95:Infinity":55,"s:101:6:101:Infinity":56,"s:105:2:123:Infinity":57}}}
}
